2023-05-25 08:14:35,204 Json file opend in read mode
2023-05-25 08:14:51,139 diff parser start
2023-05-25 08:14:51,140 line_lengths old: 9; new: 9
2023-05-25 08:14:51,140 -> code[equal] old[1:8] new[1:8]
2023-05-25 08:14:51,140 copy old[3:7] new[1:7]
2023-05-25 08:14:51,141 parse_part from 8 to 9 (to 8 in part parser)
2023-05-25 08:14:51,142 -> code[replace] old[9:9] new[9:9]
2023-05-25 08:14:51,142 diff parser end
2023-05-25 08:14:56,206 diff parser start
2023-05-25 08:14:56,206 line_lengths old: 9; new: 9
2023-05-25 08:14:56,206 -> code[equal] old[1:8] new[1:8]
2023-05-25 08:14:56,206 copy old[3:7] new[1:7]
2023-05-25 08:14:56,206 parse_part from 8 to 9 (to 8 in part parser)
2023-05-25 08:14:56,206 -> code[replace] old[9:9] new[9:9]
2023-05-25 08:14:56,216 diff parser end
2023-05-25 08:15:25,960 diff parser start
2023-05-25 08:15:25,960 line_lengths old: 9; new: 79
2023-05-25 08:15:25,960 -> code[equal] old[1:8] new[1:8]
2023-05-25 08:15:25,961 copy old[3:7] new[1:7]
2023-05-25 08:15:25,961 parse_part from 8 to 9 (to 11 in part parser)
2023-05-25 08:15:25,961 -> code[replace] old[9:9] new[9:79]
2023-05-25 08:15:25,966 parse_part from 10 to 79 (to 78 in part parser)
2023-05-25 08:15:25,967 diff parser end
2023-05-25 08:15:28,458 diff parser start
2023-05-25 08:15:28,458 line_lengths old: 79; new: 79
2023-05-25 08:15:28,458 -> code[equal] old[1:78] new[1:78]
2023-05-25 08:15:28,462 copy old[3:9] new[1:9]
2023-05-25 08:15:28,463 parse_part from 10 to 11 (to 11 in part parser)
2023-05-25 08:15:28,468 parse_part from 12 to 79 (to 78 in part parser)
2023-05-25 08:15:28,468 -> code[replace] old[79:79] new[79:79]
2023-05-25 08:15:28,468 diff parser end
2023-05-25 08:15:31,213 diff parser start
2023-05-25 08:15:31,213 line_lengths old: 79; new: 79
2023-05-25 08:15:31,213 -> code[equal] old[1:78] new[1:78]
2023-05-25 08:15:31,215 copy old[3:9] new[1:9]
2023-05-25 08:15:31,215 parse_part from 10 to 11 (to 11 in part parser)
2023-05-25 08:15:31,222 parse_part from 12 to 79 (to 78 in part parser)
2023-05-25 08:15:31,223 -> code[replace] old[79:79] new[79:79]
2023-05-25 08:15:31,223 diff parser end
2023-05-25 08:16:19,562 diff parser start
2023-05-25 08:16:19,562 line_lengths old: 79; new: 7
2023-05-25 08:16:19,562 -> code[delete] old[1:9] new[1:0]
2023-05-25 08:16:19,564 -> code[equal] old[10:11] new[1:2]
2023-05-25 08:16:19,565 parse_part from 1 to 7 (to 6 in part parser)
2023-05-25 08:16:19,565 -> code[replace] old[12:12] new[3:3]
2023-05-25 08:16:19,566 -> code[equal] old[13:13] new[4:4]
2023-05-25 08:16:19,566 -> code[replace] old[14:14] new[5:5]
2023-05-25 08:16:19,566 -> code[equal] old[15:15] new[6:6]
2023-05-25 08:16:19,566 -> code[replace] old[16:79] new[7:7]
2023-05-25 08:16:19,567 diff parser end
2023-05-25 08:16:24,078 diff parser start
2023-05-25 08:16:24,078 line_lengths old: 7; new: 7
2023-05-25 08:16:24,078 -> code[equal] old[1:6] new[1:6]
2023-05-25 08:16:24,080 copy old[3:6] new[1:5]
2023-05-25 08:16:24,080 parse_part from 6 to 7 (to 6 in part parser)
2023-05-25 08:16:24,081 -> code[replace] old[7:7] new[7:7]
2023-05-25 08:16:24,081 diff parser end
2023-05-25 08:16:56,544 diff parser start
2023-05-25 08:16:56,544 line_lengths old: 7; new: 14
2023-05-25 08:16:56,544 -> code[equal] old[1:6] new[1:6]
2023-05-25 08:16:56,545 copy old[3:6] new[1:5]
2023-05-25 08:16:56,545 parse_part from 6 to 7 (to 10 in part parser)
2023-05-25 08:16:56,545 -> code[replace] old[7:7] new[7:14]
2023-05-25 08:16:56,546 parse_part from 8 to 14 (to 13 in part parser)
2023-05-25 08:16:56,546 diff parser end
2023-05-25 08:16:59,456 diff parser start
2023-05-25 08:16:59,456 line_lengths old: 14; new: 14
2023-05-25 08:16:59,456 -> code[equal] old[1:13] new[1:13]
2023-05-25 08:16:59,456 copy old[3:13] new[1:7]
2023-05-25 08:16:59,457 parse_part from 8 to 14 (to 13 in part parser)
2023-05-25 08:16:59,457 -> code[replace] old[14:14] new[14:14]
2023-05-25 08:16:59,458 diff parser end
2023-05-25 08:17:38,474 Json file opend in read mode
2023-05-25 08:17:44,101 Information collected from json file
2023-05-25 08:18:14,968 This is warning somthing went wrong
2023-05-25 08:23:26,579 Json file opend in read mode
2023-05-25 08:23:27,126 Information collected from json file
2023-05-25 08:23:30,089 This is warning somthing went wrong
2023-05-25 08:26:51,902 Json file opend in read mode
2023-05-25 08:26:52,541 Information collected from json file
2023-05-25 08:27:23,067 Json file opend in read mode
